d:\workspace\cmakeprojects\squid\squid\intermediate\debug-windows-x86_64\squidvulkan\vc142.pdb
d:\workspace\cmakeprojects\squid\squid\intermediate\debug-windows-x86_64\squidvulkan\vc142.idb
d:\workspace\cmakeprojects\squid\squid\intermediate\debug-windows-x86_64\squidvulkan\pch.obj
d:\workspace\cmakeprojects\squid\squid\intermediate\debug-windows-x86_64\squidvulkan\vulkanswapchain.obj
d:\workspace\cmakeprojects\squid\squid\intermediate\debug-windows-x86_64\squidvulkan\vulkanresource.obj
d:\workspace\cmakeprojects\squid\squid\intermediate\debug-windows-x86_64\squidvulkan\vulkanrdi.obj
d:\workspace\cmakeprojects\squid\squid\intermediate\debug-windows-x86_64\squidvulkan\vulkandevice.obj
d:\workspace\cmakeprojects\squid\squid\binaries\debug-windows-x86_64\squidvulkan\squidvulkan.ilk
d:\workspace\cmakeprojects\squid\squid\binaries\debug-windows-x86_64\squidvulkan\squidvulkan.dll
d:\workspace\cmakeprojects\squid\squid\binaries\debug-windows-x86_64\squidvulkan\squidvulkan.pdb
d:\workspace\cmakeprojects\squid\squid\binaries\debug-windows-x86_64\squidvulkan\squidvulkan.lib
d:\workspace\cmakeprojects\squid\squid\binaries\debug-windows-x86_64\squidvulkan\squidvulkan.exp
d:\workspace\cmakeprojects\squid\sandbox\build\vs2019\..\..\..\squid\binaries\debug-windows-x86_64\squidvulkan\squidvulkan.dll
d:\workspace\cmakeprojects\squid\squid\intermediate\debug-windows-x86_64\squidvulkan\squidvulkan.tlog\cl.command.1.tlog
d:\workspace\cmakeprojects\squid\squid\intermediate\debug-windows-x86_64\squidvulkan\squidvulkan.tlog\cl.read.1.tlog
d:\workspace\cmakeprojects\squid\squid\intermediate\debug-windows-x86_64\squidvulkan\squidvulkan.tlog\cl.write.1.tlog
d:\workspace\cmakeprojects\squid\squid\intermediate\debug-windows-x86_64\squidvulkan\squidvulkan.tlog\link.command.1.tlog
d:\workspace\cmakeprojects\squid\squid\intermediate\debug-windows-x86_64\squidvulkan\squidvulkan.tlog\link.read.1.tlog
d:\workspace\cmakeprojects\squid\squid\intermediate\debug-windows-x86_64\squidvulkan\squidvulkan.tlog\link.write.1.tlog
d:\workspace\cmakeprojects\squid\squid\intermediate\debug-windows-x86_64\squidvulkan\squidvulkan.tlog\squidvulkan.write.1u.tlog
