Build started 2019. 10. 08. 23:08:31.
     1>Project "D:\Workspace\CMakeProjects\Squid\Sandbox\Build\vs2019\Sandbox.vcxproj" on node 2 (Build target(s)).
     1>InitializeBuildStatus:
         Creating "..\..\Intermediate\Debug-windows-x86_64\Sandbox\Sandbox.tlog\unsuccessfulbuild" because "AlwaysCreate" was specified.
       ClCompile:
         All outputs are up-to-date.
       Link:
         C:\Program Files (x86)\Microsoft Visual Studio\2019\Community\VC\Tools\MSVC\14.22.27905\bin\HostX86\x64\link.exe /ERRORREPORT:PROMPT /OUT:"..\..\Binaries\Debug-windows-x86_64\Sandbox\Sandbox.exe" /INCREMENTAL /NOLOGO kernel32.lib user32.lib gdi32.lib winspool.lib comdlg32.lib advapi32.lib shell32.lib ole32.lib oleaut32.lib uuid.lib odbc32.lib odbccp32.lib /MANIFEST /MANIFESTUAC:"level='asInvoker' uiAccess='false'" /manifest:embed /DEBUG:FASTLINK /PDB:"..\..\Binaries\Debug-windows-x86_64\Sandbox\Sandbox.pdb" /SUBSYSTEM:CONSOLE /TLBID:1 /DYNAMICBASE /NXCOMPAT /IMPLIB:"..\..\Binaries\Debug-windows-x86_64\Sandbox\Sandbox.lib" /MACHINE:X64 "..\..\Intermediate\Debug-windows-x86_64\Sandbox\main.obj"
         "D:\Workspace\CMakeProjects\Squid\Squid\Binaries\Debug-windows-x86_64\SquidRuntime\SquidRuntime.lib"
         "D:\Workspace\CMakeProjects\Squid\Squid\Binaries\Debug-windows-x86_64\SquidVulkan\SquidVulkan.lib"
            Creating library ..\..\Binaries\Debug-windows-x86_64\Sandbox\Sandbox.lib and object ..\..\Binaries\Debug-windows-x86_64\Sandbox\Sandbox.exp
     1>MSVCRTD.lib(initializers.obj) : warning LNK4098: defaultlib 'msvcrt.lib' conflicts with use of other libs; use /NODEFAULTLIB:library
         Sandbox.vcxproj -> D:\Workspace\CMakeProjects\Squid\Sandbox\Build\vs2019\..\..\Binaries\Debug-windows-x86_64\Sandbox\Sandbox.exe
       PostBuildEvent:
         IF EXIST ..\..\..\Squid\Shaders\**.spv\ (xcopy /Q /E /Y /I ..\..\..\Squid\Shaders\**.spv ..\..\Binaries\Debug-windows-x86_64\Sandbox\Shaders > nul) ELSE (xcopy /Q /Y /I ..\..\..\Squid\Shaders\**.spv ..\..\Binaries\Debug-windows-x86_64\Sandbox\Shaders > nul)
         :VCEnd
       FinalizeBuildStatus:
         Deleting file "..\..\Intermediate\Debug-windows-x86_64\Sandbox\Sandbox.tlog\unsuccessfulbuild".
         Touching "..\..\Intermediate\Debug-windows-x86_64\Sandbox\Sandbox.tlog\Sandbox.lastbuildstate".
     1>Done Building Project "D:\Workspace\CMakeProjects\Squid\Sandbox\Build\vs2019\Sandbox.vcxproj" (Build target(s)).

Build succeeded.

       "D:\Workspace\CMakeProjects\Squid\Sandbox\Build\vs2019\Sandbox.vcxproj" (Build target) (1) ->
       (Link target) -> 
         MSVCRTD.lib(initializers.obj) : warning LNK4098: defaultlib 'msvcrt.lib' conflicts with use of other libs; use /NODEFAULTLIB:library

    1 Warning(s)
    0 Error(s)

Time Elapsed 00:00:01.40
